<?xml version="1.0" encoding="UTF-8"?>
<testsuite name="VendingMachineTest" tests="6" skipped="0" failures="0" errors="0" timestamp="2021-01-22T18:29:17" hostname="KARANTH-LENOVO" time="0.141">
  <properties/>
  <testcase name="items_isEmpty()" classname="VendingMachineTest" time="0.069"/>
  <testcase name="add_item()" classname="VendingMachineTest" time="0.006"/>
  <testcase name="checkBalance()" classname="VendingMachineTest" time="0.029"/>
  <testcase name="check_availableItems()" classname="VendingMachineTest" time="0.003"/>
  <testcase name="balance_withdraw()" classname="VendingMachineTest" time="0.004"/>
  <testcase name="balance_deposit()" classname="VendingMachineTest" time="0.004"/>
  <system-out><![CDATA[]]></system-out>
  <system-err><![CDATA[]]></system-err>
</testsuite>
