<?xml version="1.0" encoding="UTF-8"?>
<testsuite name="VendingMachineTest" tests="1" skipped="0" failures="0" errors="0" timestamp="2021-01-22T21:22:18" hostname="KARANTH-LENOVO" time="0.038">
  <properties/>
  <testcase name="non_existing_item()" classname="VendingMachineTest" time="0.038"/>
  <system-out><![CDATA[]]></system-out>
  <system-err><![CDATA[]]></system-err>
</testsuite>
